<?xml version="1.0" encoding="UTF-8"?>
<testsuite xmlns:xsi="http://www.w3.org/2001/XMLSchema-instance" xsi:noNamespaceSchemaLocation="https://maven.apache.org/surefire/maven-surefire-plugin/xsd/surefire-test-report-3.0.xsd" version="3.0" name="TestSuite" time="0.617" tests="4" errors="0" skipped="0" failures="0">
  <properties>
[...]
</properties>
  <testcase name="getFirefox" classname="miro.MiroReport" time="0">
    <system-out><![CDATA[GetFirefox Method is running on Thread : Test1
The name of the testcase passed is :getFirefox
]]></system-out>
  </testcase>
  <testcase name="getChorme" classname="miro.MiroReport" time="0">
    <system-out><![CDATA[GetChrome Method is running on Thread : Test2
The name of the testcase passed is :getChorme
]]></system-out>
  </testcase>
  <testcase name="getEdge" classname="miro.MiroReport" time="0">
    <system-out><![CDATA[GetEdge Method is running on Thread : Test3
The name of the testcase passed is :getEdge
]]></system-out>
  </testcase>
  <testcase name="getIE" classname="miro.MiroReport" time="0">
    <system-out><![CDATA[GetIE Method is running on Thread : Test4
The name of the testcase passed is :getIE
]]></system-out>
  </testcase>
</testsuite>