<?xml version="1.0" encoding="UTF-8"?>
<testng-results ignored="0" total="4" passed="4" failed="0" skipped="0">
  <reporter-output>
    <line>
      <![CDATA[Miro reporterxxxx]]>
    </line>
  </reporter-output>
  <suite started-at="2022-04-03T21:24:32 CEST" name="Miro Tescik2" finished-at="2022-04-03T21:24:32 CEST" duration-ms="31">
    <groups>
    </groups>
    <test started-at="2022-04-03T21:24:32 CEST" name="testngTest" finished-at="2022-04-03T21:24:32 CEST" duration-ms="31">
      <class name="miro.MiroReport">
        <test-method signature="getIE()[pri:4, instance:miro.MiroReport@4b44655e]" started-at="2022-04-03T21:24:32 CEST" name="getIE" finished-at="2022-04-03T21:24:32 CEST" duration-ms="0" status="PASS">
          <reporter-output>
          </reporter-output>
        </test-method> <!-- getIE -->
        <test-method signature="getChorme()[pri:2, instance:miro.MiroReport@4b44655e]" started-at="2022-04-03T21:24:32 CEST" name="getChorme" finished-at="2022-04-03T21:24:32 CEST" duration-ms="0" status="PASS">
          <reporter-output>
          </reporter-output>
        </test-method> <!-- getChorme -->
        <test-method signature="getEdge()[pri:3, instance:miro.MiroReport@4b44655e]" started-at="2022-04-03T21:24:32 CEST" name="getEdge" finished-at="2022-04-03T21:24:32 CEST" duration-ms="0" status="PASS">
          <reporter-output>
          </reporter-output>
        </test-method> <!-- getEdge -->
        <test-method signature="getFirefox()[pri:1, instance:miro.MiroReport@4b44655e]" started-at="2022-04-03T21:24:32 CEST" name="getFirefox" finished-at="2022-04-03T21:24:32 CEST" duration-ms="0" status="PASS">
          <reporter-output>
            <line>
              <![CDATA[Miro reporterxxxx]]>
            </line>
          </reporter-output>
        </test-method> <!-- getFirefox -->
      </class> <!-- miro.MiroReport -->
    </test> <!-- testngTest -->
  </suite> <!-- Miro Tescik2 -->
</testng-results>
